{"D:\\dev\\hello-nodejs\\klerith\\06-testing-introduction\\src\\plugins\\get-age.plugin.ts": {"path":"D:\\dev\\hello-nodejs\\klerith\\06-testing-introduction\\src\\plugins\\get-age.plugin.ts","all":false,"statementMap":{"0":{"start":{"line":1,"column":0},"end":{"line":1,"column":30}},"1":{"start":{"line":2,"column":0},"end":{"line":2,"column":34}},"2":{"start":{"line":3,"column":0},"end":{"line":3,"column":32}},"3":{"start":{"line":4,"column":0},"end":{"line":4,"column":0}},"4":{"start":{"line":5,"column":0},"end":{"line":5,"column":36}},"5":{"start":{"line":6,"column":0},"end":{"line":6,"column":50}},"6":{"start":{"line":7,"column":0},"end":{"line":7,"column":43}},"7":{"start":{"line":8,"column":0},"end":{"line":8,"column":0}},"8":{"start":{"line":9,"column":0},"end":{"line":9,"column":3}},"9":{"start":{"line":10,"column":0},"end":{"line":10,"column":56}},"10":{"start":{"line":11,"column":0},"end":{"line":11,"column":2}},"11":{"start":{"line":12,"column":0},"end":{"line":12,"column":74}},"12":{"start":{"line":13,"column":0},"end":{"line":13,"column":41}},"13":{"start":{"line":14,"column":0},"end":{"line":14,"column":2}},"14":{"start":{"line":15,"column":0},"end":{"line":15,"column":11}},"15":{"start":{"line":16,"column":0},"end":{"line":16,"column":8}},"16":{"start":{"line":17,"column":0},"end":{"line":17,"column":36}},"17":{"start":{"line":18,"column":0},"end":{"line":18,"column":26}},"18":{"start":{"line":19,"column":0},"end":{"line":19,"column":6}},"19":{"start":{"line":20,"column":0},"end":{"line":20,"column":3}},"20":{"start":{"line":21,"column":0},"end":{"line":21,"column":46}},"21":{"start":{"line":22,"column":0},"end":{"line":22,"column":113}},"22":{"start":{"line":23,"column":0},"end":{"line":23,"column":0}},"23":{"start":{"line":24,"column":0},"end":{"line":24,"column":70}},"24":{"start":{"line":25,"column":0},"end":{"line":25,"column":2}},"25":{"start":{"line":26,"column":0},"end":{"line":26,"column":0}},"26":{"start":{"line":27,"column":0},"end":{"line":27,"column":0}},"27":{"start":{"line":28,"column":0},"end":{"line":28,"column":0}},"28":{"start":{"line":29,"column":0},"end":{"line":29,"column":0}},"29":{"start":{"line":30,"column":0},"end":{"line":30,"column":0}},"30":{"start":{"line":31,"column":0},"end":{"line":31,"column":0}},"31":{"start":{"line":32,"column":0},"end":{"line":32,"column":47422}}},"s":{"0":1,"1":1,"2":1,"3":1,"4":1,"5":1,"6":1,"7":1,"8":1,"9":1,"10":1,"11":1,"12":1,"13":1,"14":1,"15":1,"16":1,"17":1,"18":1,"19":1,"20":1,"21":3,"22":3,"23":3,"24":3,"25":1,"26":1,"27":1,"28":1,"29":1,"30":1,"31":1},"branchMap":{"0":{"type":"branch","line":21,"loc":{"start":{"line":21,"column":22},"end":{"line":25,"column":2}},"locations":[{"start":{"line":21,"column":22},"end":{"line":25,"column":2}}]},"1":{"type":"branch","line":32,"loc":{"start":{"line":32,"column":68},"end":{"line":32,"column":46518}},"locations":[{"start":{"line":32,"column":68},"end":{"line":32,"column":46518}}]},"2":{"type":"branch","line":32,"loc":{"start":{"line":32,"column":133},"end":{"line":32,"column":46488}},"locations":[{"start":{"line":32,"column":133},"end":{"line":32,"column":46488}}]},"3":{"type":"branch","line":32,"loc":{"start":{"line":32,"column":46490},"end":{"line":32,"column":46518}},"locations":[{"start":{"line":32,"column":46490},"end":{"line":32,"column":46518}}]},"4":{"type":"branch","line":32,"loc":{"start":{"line":32,"column":46545},"end":{"line":32,"column":46631}},"locations":[{"start":{"line":32,"column":46545},"end":{"line":32,"column":46631}}]},"5":{"type":"branch","line":32,"loc":{"start":{"line":32,"column":46611},"end":{"line":32,"column":46621}},"locations":[{"start":{"line":32,"column":46611},"end":{"line":32,"column":46621}}]}},"b":{"0":[3],"1":[1],"2":[1],"3":[1],"4":[1],"5":[1]},"fnMap":{"0":{"name":"getAge","decl":{"start":{"line":21,"column":22},"end":{"line":25,"column":2}},"loc":{"start":{"line":21,"column":22},"end":{"line":25,"column":2}},"line":21},"1":{"name":"oo_cm","decl":{"start":{"line":32,"column":68},"end":{"line":32,"column":46518}},"loc":{"start":{"line":32,"column":68},"end":{"line":32,"column":46518}},"line":32},"2":{"name":"oo_oo","decl":{"start":{"line":32,"column":46545},"end":{"line":32,"column":46631}},"loc":{"start":{"line":32,"column":46545},"end":{"line":32,"column":46631}},"line":32},"3":{"name":"oo_tr","decl":{"start":{"line":32,"column":46664},"end":{"line":32,"column":46752}},"loc":{"start":{"line":32,"column":46664},"end":{"line":32,"column":46752}},"line":32},"4":{"name":"oo_tx","decl":{"start":{"line":32,"column":46785},"end":{"line":32,"column":46873}},"loc":{"start":{"line":32,"column":46785},"end":{"line":32,"column":46873}},"line":32},"5":{"name":"oo_ts","decl":{"start":{"line":32,"column":46906},"end":{"line":32,"column":46998}},"loc":{"start":{"line":32,"column":46906},"end":{"line":32,"column":46998}},"line":32},"6":{"name":"oo_te","decl":{"start":{"line":32,"column":47031},"end":{"line":32,"column":47148}},"loc":{"start":{"line":32,"column":47031},"end":{"line":32,"column":47148}},"line":32}},"f":{"0":3,"1":1,"2":1,"3":1,"4":1,"5":1,"6":1}}
,"D:\\dev\\hello-nodejs\\klerith\\06-testing-introduction\\src\\plugins\\index.ts": {"path":"D:\\dev\\hello-nodejs\\klerith\\06-testing-introduction\\src\\plugins\\index.ts","all":false,"statementMap":{"0":{"start":{"line":1,"column":0},"end":{"line":1,"column":30}},"1":{"start":{"line":2,"column":0},"end":{"line":2,"column":34}},"2":{"start":{"line":3,"column":0},"end":{"line":3,"column":23}},"3":{"start":{"line":4,"column":0},"end":{"line":4,"column":0}},"4":{"start":{"line":5,"column":0},"end":{"line":5,"column":36}},"5":{"start":{"line":6,"column":0},"end":{"line":6,"column":50}},"6":{"start":{"line":7,"column":0},"end":{"line":7,"column":44}},"7":{"start":{"line":8,"column":0},"end":{"line":8,"column":50}},"8":{"start":{"line":9,"column":0},"end":{"line":9,"column":0}},"9":{"start":{"line":10,"column":0},"end":{"line":10,"column":66}},"10":{"start":{"line":11,"column":0},"end":{"line":11,"column":46}},"11":{"start":{"line":12,"column":0},"end":{"line":12,"column":42}},"12":{"start":{"line":13,"column":0},"end":{"line":13,"column":48}},"13":{"start":{"line":14,"column":0},"end":{"line":14,"column":70}}},"s":{"0":1,"1":1,"2":1,"3":1,"4":1,"5":1,"6":1,"7":1,"8":1,"9":1,"10":1,"11":1,"12":1,"13":1},"branchMap":{"0":{"type":"branch","line":12,"loc":{"start":{"line":12,"column":9},"end":{"line":12,"column":42}},"locations":[{"start":{"line":12,"column":9},"end":{"line":12,"column":42}}]},"1":{"type":"branch","line":14,"loc":{"start":{"line":14,"column":9},"end":{"line":14,"column":39}},"locations":[{"start":{"line":14,"column":9},"end":{"line":14,"column":39}}]}},"b":{"0":[3],"1":[2]},"fnMap":{"0":{"name":"get","decl":{"start":{"line":11,"column":9},"end":{"line":11,"column":46}},"loc":{"start":{"line":11,"column":9},"end":{"line":11,"column":46}},"line":11},"1":{"name":"get","decl":{"start":{"line":12,"column":9},"end":{"line":12,"column":42}},"loc":{"start":{"line":12,"column":9},"end":{"line":12,"column":42}},"line":12},"2":{"name":"get","decl":{"start":{"line":13,"column":9},"end":{"line":13,"column":48}},"loc":{"start":{"line":13,"column":9},"end":{"line":13,"column":48}},"line":13},"3":{"name":"get","decl":{"start":{"line":14,"column":9},"end":{"line":14,"column":39}},"loc":{"start":{"line":14,"column":9},"end":{"line":14,"column":39}},"line":14}},"f":{"0":0,"1":3,"2":0,"3":2}}
}
