TN:
SF:src\plugins\http-client.plugin.ts
FN:19,get
FN:28,post
FN:33,put
FN:38,delete
FNF:4
FNH:1
FNDA:1,get
FNDA:0,post
FNDA:0,put
FNDA:0,delete
DA:1,1
DA:2,1
DA:3,1
DA:4,1
DA:5,1
DA:6,1
DA:7,1
DA:8,1
DA:9,1
DA:10,1
DA:11,1
DA:12,1
DA:13,1
DA:14,1
DA:15,1
DA:16,1
DA:17,1
DA:18,1
DA:19,1
DA:20,1
DA:21,1
DA:22,1
DA:23,1
DA:24,1
DA:25,1
DA:26,1
DA:27,1
DA:28,1
DA:29,0
DA:30,1
DA:31,1
DA:32,1
DA:33,1
DA:34,0
DA:35,1
DA:36,1
DA:37,1
DA:38,1
DA:39,0
DA:40,1
DA:41,1
LF:41
LH:38
BRDA:19,0,0,1
BRF:1
BRH:1
end_of_record
TN:
SF:src\plugins\index.ts
FN:11,get
FN:12,get
FN:13,get
FN:14,get
FNF:4
FNH:1
FNDA:0,get
FNDA:0,get
FNDA:0,get
FNDA:5,get
DA:1,1
DA:2,1
DA:3,1
DA:4,1
DA:5,1
DA:6,1
DA:7,1
DA:8,1
DA:9,1
DA:10,1
DA:11,1
DA:12,1
DA:13,1
DA:14,1
LF:14
LH:14
BRDA:14,0,0,5
BRF:1
BRH:1
end_of_record
