TN:
SF:src\plugins\get-age.plugin.ts
FN:21,getAge
FNF:1
FNH:1
FNDA:3,getAge
DA:1,1
DA:2,1
DA:3,1
DA:4,1
DA:5,1
DA:6,1
DA:7,1
DA:8,1
DA:9,1
DA:10,1
DA:11,1
DA:12,1
DA:13,1
DA:14,1
DA:15,1
DA:16,1
DA:17,1
DA:18,1
DA:19,1
DA:20,1
DA:21,1
DA:22,3
DA:23,3
DA:24,3
DA:25,3
LF:25
LH:25
BRDA:21,0,0,3
BRF:1
BRH:1
end_of_record
TN:
SF:src\plugins\index.ts
FN:11,get
FN:12,get
FN:13,get
FN:14,get
FNF:4
FNH:3
FNDA:0,get
FNDA:3,get
FNDA:1,get
FNDA:2,get
DA:1,1
DA:2,1
DA:3,1
DA:4,1
DA:5,1
DA:6,1
DA:7,1
DA:8,1
DA:9,1
DA:10,1
DA:11,1
DA:12,1
DA:13,1
DA:14,1
LF:14
LH:14
BRDA:12,0,0,3
BRDA:13,1,0,1
BRDA:14,2,0,2
BRF:3
BRH:3
end_of_record
